


          SolidWorks Corporation - STEP Processor Error Log
          ______________________________________________________

                       STEP Post Processor
                       ___________________


STEP File Name: D:\1.工作文件\9.海关全向\电路设计\第二版\10.海关全向控制器数传转接板V2\海关全向控制器数传转接板.step


曲面已成功地形成实体。
STEP-in 完成曲面已成功地形成实体。
STEP-in 完成曲面已成功地形成实体。
STEP-in 完成曲面已成功地形成实体。
STEP-in 完成曲面已成功地形成实体。
STEP-in 完成曲面已成功地形成实体。
STEP-in 完成曲面已成功地形成实体。
STEP-in 完成
Error: 无法从剪裁的曲面生成实体。
STEP-in 无法成功完成
曲面已成功地形成实体。
STEP-in 完成曲面已成功地形成实体。
STEP-in 完成曲面已成功地形成实体。
STEP-in 完成曲面已成功地形成实体。
STEP-in 完成